# JRE version: OpenJDK Runtime Environment (17.0.11) (build 17.0.11+0--11852314)
# Java VM: OpenJDK 64-Bit Server VM (17.0.11+0--11852314, mixed mode, tiered, compressed oops, compressed class ptrs, g1 gc, windows-amd64)
GC Precious Log:
 CPUs: 4 total, 4 available
 Memory: 7975M
 Large Page Support: Disabled
 NUMA Support: Disabled
 Compressed Oops: Enabled (32-bit)
 Heap Region Size: 1M
 Heap Min Capacity: 8M
 Heap Initial Capacity: 126M
 Heap Max Capacity: 2G
 Pre-touch: Disabled
 Parallel Workers: 4
 Concurrent Workers: 1
 Concurrent Refinement Workers: 4
 Periodic GC: Disabled
Heap:
 garbage-first heap   total 204800K, used 141000K [0x0000000080000000, 0x0000000100000000)
  region size 1024K, 23 young (23552K), 7 survivors (7168K)
 Metaspace       used 116177K, committed 116992K, reserved 1179648K
  class space    used 15671K, committed 16064K, reserved 1048576K
GC Heap History (20 events):
Event: 27.829 GC heap before
{Heap before GC invocations=36 (full 0):
 garbage-first heap   total 204800K, used 98330K [0x0000000080000000, 0x0000000100000000)
  region size 1024K, 10 young (10240K), 6 survivors (6144K)
 Metaspace       used 96623K, committed 97344K, reserved 1179648K
  class space    used 13407K, committed 13760K, reserved 1048576K
}
Event: 27.848 GC heap after
{Heap after GC invocations=37 (full 0):
 garbage-first heap   total 204800K, used 93492K [0x0000000080000000, 0x0000000100000000)
  region size 1024K, 1 young (1024K), 1 survivors (1024K)
 Metaspace       used 96623K, committed 97344K, reserved 1179648K
  class space    used 13407K, committed 13760K, reserved 1048576K
}
Event: 29.630 GC heap before
{Heap before GC invocations=37 (full 0):
 garbage-first heap   total 204800K, used 172340K [0x0000000080000000, 0x0000000100000000)
  region size 1024K, 74 young (75776K), 1 survivors (1024K)
 Metaspace       used 102807K, committed 103552K, reserved 1179648K
  class space    used 14067K, committed 14464K, reserved 1048576K
}
Event: 29.647 GC heap after
{Heap after GC invocations=38 (full 0):
 garbage-first heap   total 204800K, used 100063K [0x0000000080000000, 0x0000000100000000)
  region size 1024K, 8 young (8192K), 8 survivors (8192K)
 Metaspace       used 102807K, committed 103552K, reserved 1179648K
  class space    used 14067K, committed 14464K, reserved 1048576K
}
Event: 31.493 GC heap before
{Heap before GC invocations=39 (full 0):
 garbage-first heap   total 204800K, used 165599K [0x0000000080000000, 0x0000000100000000)
  region size 1024K, 73 young (74752K), 8 survivors (8192K)
 Metaspace       used 104832K, committed 105664K, reserved 1179648K
  class space    used 14368K, committed 14784K, reserved 1048576K
}
Event: 31.521 GC heap after
{Heap after GC invocations=40 (full 0):
 garbage-first heap   total 204800K, used 106977K [0x0000000080000000, 0x0000000100000000)
  region size 1024K, 7 young (7168K), 7 survivors (7168K)
 Metaspace       used 104832K, committed 105664K, reserved 1179648K
  class space    used 14368K, committed 14784K, reserved 1048576K
}
Event: 31.578 GC heap before
{Heap before GC invocations=40 (full 0):
 garbage-first heap   total 204800K, used 110049K [0x0000000080000000, 0x0000000100000000)
  region size 1024K, 10 young (10240K), 7 survivors (7168K)
 Metaspace       used 104835K, committed 105664K, reserved 1179648K
  class space    used 14368K, committed 14784K, reserved 1048576K
}
Event: 31.599 GC heap after
{Heap after GC invocations=41 (full 0):
 garbage-first heap   total 204800K, used 107297K [0x0000000080000000, 0x0000000100000000)
  region size 1024K, 2 young (2048K), 2 survivors (2048K)
 Metaspace       used 104835K, committed 105664K, reserved 1179648K
  class space    used 14368K, committed 14784K, reserved 1048576K
}
Event: 33.864 GC heap before
{Heap before GC invocations=41 (full 0):
 garbage-first heap   total 204800K, used 166689K [0x0000000080000000, 0x0000000100000000)
  region size 1024K, 60 young (61440K), 2 survivors (2048K)
 Metaspace       used 105640K, committed 106368K, reserved 1179648K
  class space    used 14481K, committed 14848K, reserved 1048576K
}
Event: 33.878 GC heap after
{Heap after GC invocations=42 (full 0):
 garbage-first heap   total 204800K, used 110270K [0x0000000080000000, 0x0000000100000000)
  region size 1024K, 5 young (5120K), 5 survivors (5120K)
 Metaspace       used 105640K, committed 106368K, reserved 1179648K
  class space    used 14481K, committed 14848K, reserved 1048576K
}
Event: 37.484 GC heap before
{Heap before GC invocations=42 (full 0):
 garbage-first heap   total 204800K, used 166590K [0x0000000080000000, 0x0000000100000000)
  region size 1024K, 61 young (62464K), 5 survivors (5120K)
 Metaspace       used 106902K, committed 107712K, reserved 1179648K
  class space    used 14664K, committed 15040K, reserved 1048576K
}
Event: 37.503 GC heap after
{Heap after GC invocations=43 (full 0):
 garbage-first heap   total 204800K, used 113131K [0x0000000080000000, 0x0000000100000000)
  region size 1024K, 6 young (6144K), 6 survivors (6144K)
 Metaspace       used 106902K, committed 107712K, reserved 1179648K
  class space    used 14664K, committed 15040K, reserved 1048576K
}
Event: 38.869 GC heap before
{Heap before GC invocations=43 (full 0):
 garbage-first heap   total 204800K, used 165355K [0x0000000080000000, 0x0000000100000000)
  region size 1024K, 58 young (59392K), 6 survivors (6144K)
 Metaspace       used 109313K, committed 110080K, reserved 1179648K
  class space    used 14977K, committed 15360K, reserved 1048576K
}
Event: 38.886 GC heap after
{Heap after GC invocations=44 (full 0):
 garbage-first heap   total 204800K, used 116384K [0x0000000080000000, 0x0000000100000000)
  region size 1024K, 6 young (6144K), 6 survivors (6144K)
 Metaspace       used 109313K, committed 110080K, reserved 1179648K
  class space    used 14977K, committed 15360K, reserved 1048576K
}
Event: 42.797 GC heap before
{Heap before GC invocations=44 (full 0):
 garbage-first heap   total 204800K, used 166560K [0x0000000080000000, 0x0000000100000000)
  region size 1024K, 56 young (57344K), 6 survivors (6144K)
 Metaspace       used 109877K, committed 110656K, reserved 1179648K
  class space    used 15064K, committed 15424K, reserved 1048576K
}
Event: 42.811 GC heap after
{Heap after GC invocations=45 (full 0):
 garbage-first heap   total 204800K, used 117877K [0x0000000080000000, 0x0000000100000000)
  region size 1024K, 4 young (4096K), 4 survivors (4096K)
 Metaspace       used 109877K, committed 110656K, reserved 1179648K
  class space    used 15064K, committed 15424K, reserved 1048576K
}
Event: 45.081 GC heap before
{Heap before GC invocations=45 (full 0):
 garbage-first heap   total 204800K, used 167029K [0x0000000080000000, 0x0000000100000000)
  region size 1024K, 53 young (54272K), 4 survivors (4096K)
 Metaspace       used 115198K, committed 116032K, reserved 1179648K
  class space    used 15622K, committed 16000K, reserved 1048576K
}
Event: 45.096 GC heap after
{Heap after GC invocations=46 (full 0):
 garbage-first heap   total 204800K, used 119267K [0x0000000080000000, 0x0000000100000000)
  region size 1024K, 2 young (2048K), 2 survivors (2048K)
 Metaspace       used 115198K, committed 116032K, reserved 1179648K
  class space    used 15622K, committed 16000K, reserved 1048576K
}
Event: 67.194 GC heap before
{Heap before GC invocations=46 (full 0):
 garbage-first heap   total 204800K, used 169443K [0x0000000080000000, 0x0000000100000000)
  region size 1024K, 52 young (53248K), 2 survivors (2048K)
 Metaspace       used 116043K, committed 116928K, reserved 1179648K
  class space    used 15666K, committed 16064K, reserved 1048576K
}
Event: 67.212 GC heap after
{Heap after GC invocations=47 (full 0):
 garbage-first heap   total 204800K, used 125640K [0x0000000080000000, 0x0000000100000000)
  region size 1024K, 7 young (7168K), 7 survivors (7168K)
 Metaspace       used 116043K, committed 116928K, reserved 1179648K
  class space    used 15666K, committed 16064K, reserved 1048576K
}

