# JRE version: OpenJDK Runtime Environment (17.0.11) (build 17.0.11+0--11852314)
# Java VM: OpenJDK 64-Bit Server VM (17.0.11+0--11852314, mixed mode, tiered, compressed oops, compressed class ptrs, g1 gc, windows-amd64)
GC Precious Log:
 CPUs: 4 total, 4 available
 Memory: 7975M
 Large Page Support: Disabled
 NUMA Support: Disabled
 Compressed Oops: Enabled (32-bit)
 Heap Region Size: 1M
 Heap Min Capacity: 8M
 Heap Initial Capacity: 126M
 Heap Max Capacity: 2G
 Pre-touch: Disabled
 Parallel Workers: 4
 Concurrent Workers: 1
 Concurrent Refinement Workers: 4
 Periodic GC: Disabled
Heap:
 garbage-first heap   total 186368K, used 106968K [0x0000000080000000, 0x0000000100000000)
  region size 1024K, 2 young (2048K), 2 survivors (2048K)
 Metaspace       used 104892K, committed 105728K, reserved 1179648K
  class space    used 14379K, committed 14784K, reserved 1048576K
GC Heap History (20 events):
Event: 20.263 GC heap after
{Heap after GC invocations=22 (full 0):
 garbage-first heap   total 148480K, used 72771K [0x0000000080000000, 0x0000000100000000)
  region size 1024K, 4 young (4096K), 4 survivors (4096K)
 Metaspace       used 72617K, committed 73216K, reserved 1114112K
  class space    used 9761K, committed 10048K, reserved 1048576K
}
Event: 20.773 GC heap before
{Heap before GC invocations=22 (full 0):
 garbage-first heap   total 148480K, used 91203K [0x0000000080000000, 0x0000000100000000)
  region size 1024K, 23 young (23552K), 4 survivors (4096K)
 Metaspace       used 74812K, committed 75392K, reserved 1114112K
  class space    used 10066K, committed 10304K, reserved 1048576K
}
Event: 20.785 GC heap after
{Heap after GC invocations=23 (full 0):
 garbage-first heap   total 186368K, used 74434K [0x0000000080000000, 0x0000000100000000)
  region size 1024K, 5 young (5120K), 5 survivors (5120K)
 Metaspace       used 74812K, committed 75392K, reserved 1114112K
  class space    used 10066K, committed 10304K, reserved 1048576K
}
Event: 23.459 GC heap before
{Heap before GC invocations=23 (full 0):
 garbage-first heap   total 186368K, used 151234K [0x0000000080000000, 0x0000000100000000)
  region size 1024K, 76 young (77824K), 5 survivors (5120K)
 Metaspace       used 81259K, committed 81856K, reserved 1179648K
  class space    used 10970K, committed 11200K, reserved 1048576K
}
Event: 23.475 GC heap after
{Heap after GC invocations=24 (full 0):
 garbage-first heap   total 186368K, used 81998K [0x0000000080000000, 0x0000000100000000)
  region size 1024K, 9 young (9216K), 9 survivors (9216K)
 Metaspace       used 81259K, committed 81856K, reserved 1179648K
  class space    used 10970K, committed 11200K, reserved 1048576K
}
Event: 25.239 GC heap before
{Heap before GC invocations=24 (full 0):
 garbage-first heap   total 186368K, used 149582K [0x0000000080000000, 0x0000000100000000)
  region size 1024K, 75 young (76800K), 9 survivors (9216K)
 Metaspace       used 84212K, committed 84864K, reserved 1179648K
  class space    used 11356K, committed 11648K, reserved 1048576K
}
Event: 25.265 GC heap after
{Heap after GC invocations=25 (full 0):
 garbage-first heap   total 186368K, used 87065K [0x0000000080000000, 0x0000000100000000)
  region size 1024K, 10 young (10240K), 10 survivors (10240K)
 Metaspace       used 84212K, committed 84864K, reserved 1179648K
  class space    used 11356K, committed 11648K, reserved 1048576K
}
Event: 27.254 GC heap before
{Heap before GC invocations=25 (full 0):
 garbage-first heap   total 186368K, used 150553K [0x0000000080000000, 0x0000000100000000)
  region size 1024K, 72 young (73728K), 10 survivors (10240K)
 Metaspace       used 88729K, committed 89344K, reserved 1179648K
  class space    used 12176K, committed 12416K, reserved 1048576K
}
Event: 27.280 GC heap after
{Heap after GC invocations=26 (full 0):
 garbage-first heap   total 186368K, used 89696K [0x0000000080000000, 0x0000000100000000)
  region size 1024K, 3 young (3072K), 3 survivors (3072K)
 Metaspace       used 88729K, committed 89344K, reserved 1179648K
  class space    used 12176K, committed 12416K, reserved 1048576K
}
Event: 30.214 GC heap before
{Heap before GC invocations=26 (full 0):
 garbage-first heap   total 186368K, used 153184K [0x0000000080000000, 0x0000000100000000)
  region size 1024K, 65 young (66560K), 3 survivors (3072K)
 Metaspace       used 93339K, committed 94016K, reserved 1179648K
  class space    used 12845K, committed 13184K, reserved 1048576K
}
Event: 30.227 GC heap after
{Heap after GC invocations=27 (full 0):
 garbage-first heap   total 186368K, used 92147K [0x0000000080000000, 0x0000000100000000)
  region size 1024K, 6 young (6144K), 6 survivors (6144K)
 Metaspace       used 93339K, committed 94016K, reserved 1179648K
  class space    used 12845K, committed 13184K, reserved 1048576K
}
Event: 32.377 GC heap before
{Heap before GC invocations=28 (full 0):
 garbage-first heap   total 186368K, used 153587K [0x0000000080000000, 0x0000000100000000)
  region size 1024K, 66 young (67584K), 6 survivors (6144K)
 Metaspace       used 98539K, committed 99264K, reserved 1179648K
  class space    used 13635K, committed 14016K, reserved 1048576K
}
Event: 32.394 GC heap after
{Heap after GC invocations=29 (full 0):
 garbage-first heap   total 186368K, used 95391K [0x0000000080000000, 0x0000000100000000)
  region size 1024K, 7 young (7168K), 7 survivors (7168K)
 Metaspace       used 98539K, committed 99264K, reserved 1179648K
  class space    used 13635K, committed 14016K, reserved 1048576K
}
Event: 32.433 GC heap before
{Heap before GC invocations=29 (full 0):
 garbage-first heap   total 186368K, used 97439K [0x0000000080000000, 0x0000000100000000)
  region size 1024K, 9 young (9216K), 7 survivors (7168K)
 Metaspace       used 98737K, committed 99456K, reserved 1179648K
  class space    used 13645K, committed 14016K, reserved 1048576K
}
Event: 32.447 GC heap after
{Heap after GC invocations=30 (full 0):
 garbage-first heap   total 186368K, used 95088K [0x0000000080000000, 0x0000000100000000)
  region size 1024K, 1 young (1024K), 1 survivors (1024K)
 Metaspace       used 98737K, committed 99456K, reserved 1179648K
  class space    used 13645K, committed 14016K, reserved 1048576K
}
Event: 33.825 GC heap before
{Heap before GC invocations=30 (full 0):
 garbage-first heap   total 186368K, used 159600K [0x0000000080000000, 0x0000000100000000)
  region size 1024K, 60 young (61440K), 1 survivors (1024K)
 Metaspace       used 102955K, committed 103744K, reserved 1179648K
  class space    used 14083K, committed 14464K, reserved 1048576K
}
Event: 33.840 GC heap after
{Heap after GC invocations=31 (full 0):
 garbage-first heap   total 186368K, used 100700K [0x0000000080000000, 0x0000000100000000)
  region size 1024K, 7 young (7168K), 7 survivors (7168K)
 Metaspace       used 102955K, committed 103744K, reserved 1179648K
  class space    used 14083K, committed 14464K, reserved 1048576K
}
Event: 35.563 GC heap before
{Heap before GC invocations=32 (full 0):
 garbage-first heap   total 186368K, used 151900K [0x0000000080000000, 0x0000000100000000)
  region size 1024K, 58 young (59392K), 7 survivors (7168K)
 Metaspace       used 104879K, committed 105728K, reserved 1179648K
  class space    used 14379K, committed 14784K, reserved 1048576K
}
Event: 35.587 GC heap after
{Heap after GC invocations=33 (full 0):
 garbage-first heap   total 186368K, used 107181K [0x0000000080000000, 0x0000000100000000)
  region size 1024K, 7 young (7168K), 7 survivors (7168K)
 Metaspace       used 104879K, committed 105728K, reserved 1179648K
  class space    used 14379K, committed 14784K, reserved 1048576K
}
Event: 35.632 GC heap before
{Heap before GC invocations=33 (full 0):
 garbage-first heap   total 186368K, used 109229K [0x0000000080000000, 0x0000000100000000)
  region size 1024K, 9 young (9216K), 7 survivors (7168K)
 Metaspace       used 104892K, committed 105728K, reserved 1179648K
  class space    used 14379K, committed 14784K, reserved 1048576K
}

