# JRE version: OpenJDK Runtime Environment (17.0.11) (build 17.0.11+0--11852314)
# Java VM: OpenJDK 64-Bit Server VM (17.0.11+0--11852314, mixed mode, tiered, compressed oops, compressed class ptrs, g1 gc, windows-amd64)
GC Precious Log:
 CPUs: 4 total, 4 available
 Memory: 7975M
 Large Page Support: Disabled
 NUMA Support: Disabled
 Compressed Oops: Enabled (32-bit)
 Heap Region Size: 1M
 Heap Min Capacity: 8M
 Heap Initial Capacity: 126M
 Heap Max Capacity: 2G
 Pre-touch: Disabled
 Parallel Workers: 4
 Concurrent Workers: 1
 Concurrent Refinement Workers: 4
 Periodic GC: Disabled
Heap:
 garbage-first heap   total 135168K, used 75387K [0x0000000080000000, 0x0000000100000000)
  region size 1024K, 12 young (12288K), 1 survivors (1024K)
 Metaspace       used 63171K, committed 63744K, reserved 1114112K
  class space    used 8545K, committed 8832K, reserved 1048576K
GC Heap History (20 events):
Event: 24.924 GC heap before
{Heap before GC invocations=18 (full 0):
 garbage-first heap   total 68608K, used 53798K [0x0000000080000000, 0x0000000100000000)
  region size 1024K, 22 young (22528K), 3 survivors (3072K)
 Metaspace       used 56239K, committed 56704K, reserved 1114112K
  class space    used 7710K, committed 7936K, reserved 1048576K
}
Event: 24.935 GC heap after
{Heap after GC invocations=19 (full 0):
 garbage-first heap   total 68608K, used 38380K [0x0000000080000000, 0x0000000100000000)
  region size 1024K, 3 young (3072K), 3 survivors (3072K)
 Metaspace       used 56239K, committed 56704K, reserved 1114112K
  class space    used 7710K, committed 7936K, reserved 1048576K
}
Event: 25.434 GC heap before
{Heap before GC invocations=20 (full 0):
 garbage-first heap   total 70656K, used 54764K [0x0000000080000000, 0x0000000100000000)
  region size 1024K, 19 young (19456K), 3 survivors (3072K)
 Metaspace       used 56633K, committed 57088K, reserved 1114112K
  class space    used 7755K, committed 7936K, reserved 1048576K
}
Event: 25.446 GC heap after
{Heap after GC invocations=21 (full 0):
 garbage-first heap   total 70656K, used 41405K [0x0000000080000000, 0x0000000100000000)
  region size 1024K, 3 young (3072K), 3 survivors (3072K)
 Metaspace       used 56633K, committed 57088K, reserved 1114112K
  class space    used 7755K, committed 7936K, reserved 1048576K
}
Event: 25.764 GC heap before
{Heap before GC invocations=21 (full 0):
 garbage-first heap   total 70656K, used 55741K [0x0000000080000000, 0x0000000100000000)
  region size 1024K, 17 young (17408K), 3 survivors (3072K)
 Metaspace       used 56766K, committed 57216K, reserved 1114112K
  class space    used 7755K, committed 7936K, reserved 1048576K
}
Event: 25.770 GC heap after
{Heap after GC invocations=22 (full 0):
 garbage-first heap   total 70656K, used 42373K [0x0000000080000000, 0x0000000100000000)
  region size 1024K, 3 young (3072K), 3 survivors (3072K)
 Metaspace       used 56766K, committed 57216K, reserved 1114112K
  class space    used 7755K, committed 7936K, reserved 1048576K
}
Event: 26.162 GC heap before
{Heap before GC invocations=23 (full 0):
 garbage-first heap   total 81920K, used 54661K [0x0000000080000000, 0x0000000100000000)
  region size 1024K, 16 young (16384K), 3 survivors (3072K)
 Metaspace       used 57091K, committed 57664K, reserved 1114112K
  class space    used 7794K, committed 8064K, reserved 1048576K
}
Event: 26.169 GC heap after
{Heap after GC invocations=24 (full 0):
 garbage-first heap   total 81920K, used 42978K [0x0000000080000000, 0x0000000100000000)
  region size 1024K, 2 young (2048K), 2 survivors (2048K)
 Metaspace       used 57091K, committed 57664K, reserved 1114112K
  class space    used 7794K, committed 8064K, reserved 1048576K
}
Event: 27.035 GC heap before
{Heap before GC invocations=25 (full 0):
 garbage-first heap   total 81920K, used 72674K [0x0000000080000000, 0x0000000100000000)
  region size 1024K, 19 young (19456K), 2 survivors (2048K)
 Metaspace       used 57856K, committed 58432K, reserved 1114112K
  class space    used 7927K, committed 8192K, reserved 1048576K
}
Event: 27.042 GC heap after
{Heap after GC invocations=26 (full 0):
 garbage-first heap   total 83968K, used 62851K [0x0000000080000000, 0x0000000100000000)
  region size 1024K, 3 young (3072K), 3 survivors (3072K)
 Metaspace       used 57856K, committed 58432K, reserved 1114112K
  class space    used 7927K, committed 8192K, reserved 1048576K
}
Event: 27.065 GC heap before
{Heap before GC invocations=26 (full 0):
 garbage-first heap   total 83968K, used 63875K [0x0000000080000000, 0x0000000100000000)
  region size 1024K, 4 young (4096K), 3 survivors (3072K)
 Metaspace       used 57929K, committed 58560K, reserved 1114112K
  class space    used 7942K, committed 8256K, reserved 1048576K
}
Event: 27.069 GC heap after
{Heap after GC invocations=27 (full 0):
 garbage-first heap   total 83968K, used 62795K [0x0000000080000000, 0x0000000100000000)
  region size 1024K, 1 young (1024K), 1 survivors (1024K)
 Metaspace       used 57929K, committed 58560K, reserved 1114112K
  class space    used 7942K, committed 8256K, reserved 1048576K
}
Event: 27.223 GC heap before
{Heap before GC invocations=27 (full 0):
 garbage-first heap   total 83968K, used 67915K [0x0000000080000000, 0x0000000100000000)
  region size 1024K, 6 young (6144K), 1 survivors (1024K)
 Metaspace       used 58344K, committed 58880K, reserved 1114112K
  class space    used 7996K, committed 8256K, reserved 1048576K
}
Event: 27.225 GC heap after
{Heap after GC invocations=28 (full 0):
 garbage-first heap   total 83968K, used 62625K [0x0000000080000000, 0x0000000100000000)
  region size 1024K, 1 young (1024K), 1 survivors (1024K)
 Metaspace       used 58344K, committed 58880K, reserved 1114112K
  class space    used 7996K, committed 8256K, reserved 1048576K
}
Event: 27.310 GC heap before
{Heap before GC invocations=28 (full 0):
 garbage-first heap   total 83968K, used 68769K [0x0000000080000000, 0x0000000100000000)
  region size 1024K, 7 young (7168K), 1 survivors (1024K)
 Metaspace       used 58714K, committed 59264K, reserved 1114112K
  class space    used 8025K, committed 8320K, reserved 1048576K
}
Event: 27.314 GC heap after
{Heap after GC invocations=29 (full 0):
 garbage-first heap   total 135168K, used 64311K [0x0000000080000000, 0x0000000100000000)
  region size 1024K, 1 young (1024K), 1 survivors (1024K)
 Metaspace       used 58714K, committed 59264K, reserved 1114112K
  class space    used 8025K, committed 8320K, reserved 1048576K
}
Event: 28.833 GC heap before
{Heap before GC invocations=30 (full 0):
 garbage-first heap   total 135168K, used 96055K [0x0000000080000000, 0x0000000100000000)
  region size 1024K, 32 young (32768K), 1 survivors (1024K)
 Metaspace       used 61269K, committed 61824K, reserved 1114112K
  class space    used 8359K, committed 8640K, reserved 1048576K
}
Event: 28.839 GC heap after
{Heap after GC invocations=31 (full 0):
 garbage-first heap   total 135168K, used 65329K [0x0000000080000000, 0x0000000100000000)
  region size 1024K, 2 young (2048K), 2 survivors (2048K)
 Metaspace       used 61269K, committed 61824K, reserved 1114112K
  class space    used 8359K, committed 8640K, reserved 1048576K
}
Event: 28.976 GC heap before
{Heap before GC invocations=31 (full 0):
 garbage-first heap   total 135168K, used 68401K [0x0000000080000000, 0x0000000100000000)
  region size 1024K, 6 young (6144K), 2 survivors (2048K)
 Metaspace       used 61877K, committed 62464K, reserved 1114112K
  class space    used 8400K, committed 8704K, reserved 1048576K
}
Event: 28.981 GC heap after
{Heap after GC invocations=32 (full 0):
 garbage-first heap   total 135168K, used 65147K [0x0000000080000000, 0x0000000100000000)
  region size 1024K, 1 young (1024K), 1 survivors (1024K)
 Metaspace       used 61877K, committed 62464K, reserved 1114112K
  class space    used 8400K, committed 8704K, reserved 1048576K
}

